{"level":"info","message":"Hello world","timestamp":"08:55:15"}
{"level":"debug","message":"Debugging info","timestamp":"08:55:15"}
{"level":"warn","message":"Warning message","timestamp":"08:55:15"}
{"level":"info","message":"running","timestamp":"08:55:15"}
{"level":"info","message":"Hello world","timestamp":"09:18:14"}
{"level":"debug","message":"Debugging info","timestamp":"09:18:14"}
{"level":"warn","message":"Warning message","timestamp":"09:18:14"}
{"level":"info","message":"running","timestamp":"09:18:14"}
{"level":"info","message":"Hello world","timestamp":"09:20:07"}
{"level":"debug","message":"Debugging info","timestamp":"09:20:07"}
{"level":"warn","message":"Warning message","timestamp":"09:20:07"}
{"level":"info","message":"running","timestamp":"09:20:07"}
{"level":"info","message":"Hello world","timestamp":"09:20:48"}
{"level":"debug","message":"Debugging info","timestamp":"09:20:48"}
{"level":"warn","message":"Warning message","timestamp":"09:20:48"}
{"level":"info","message":"running","timestamp":"09:20:48"}
{"level":"info","message":"Hello world","timestamp":"09:22:29"}
{"level":"debug","message":"Debugging info","timestamp":"09:22:29"}
{"level":"warn","message":"Warning message","timestamp":"09:22:29"}
{"level":"info","message":"running","timestamp":"09:22:29"}
{"level":"info","message":"Hello world","timestamp":"09:22:56"}
{"level":"debug","message":"Debugging info","timestamp":"09:22:56"}
{"level":"warn","message":"Warning message","timestamp":"09:22:56"}
{"level":"info","message":"running","timestamp":"09:22:56"}
{"level":"info","message":"Hello world","timestamp":"09:24:46"}
{"level":"debug","message":"Debugging info","timestamp":"09:24:46"}
{"level":"warn","message":"Warning message","timestamp":"09:24:46"}
{"level":"info","message":"running","timestamp":"09:24:46"}
{"level":"info","message":"Hello world","timestamp":"09:24:51"}
{"level":"debug","message":"Debugging info","timestamp":"09:24:51"}
{"level":"warn","message":"Warning message","timestamp":"09:24:51"}
{"level":"info","message":"running","timestamp":"09:24:52"}
{"level":"info","message":"Hello world","timestamp":"09:25:12"}
{"level":"debug","message":"Debugging info","timestamp":"09:25:12"}
{"level":"warn","message":"Warning message","timestamp":"09:25:12"}
{"level":"info","message":"running","timestamp":"09:25:12"}
{"level":"info","message":"Hello world","timestamp":"09:25:39"}
{"level":"debug","message":"Debugging info","timestamp":"09:25:39"}
{"level":"warn","message":"Warning message","timestamp":"09:25:39"}
{"level":"info","message":"running","timestamp":"09:25:39"}
{"level":"info","message":"Hello world","timestamp":"09:27:03"}
{"level":"debug","message":"Debugging info","timestamp":"09:27:03"}
{"level":"warn","message":"Warning message","timestamp":"09:27:03"}
{"level":"info","message":"running","timestamp":"09:27:03"}
{"level":"info","message":"Hello world","timestamp":"09:27:07"}
{"level":"debug","message":"Debugging info","timestamp":"09:27:07"}
{"level":"warn","message":"Warning message","timestamp":"09:27:07"}
{"level":"info","message":"running","timestamp":"09:27:07"}
{"level":"info","message":"Hello world","timestamp":"09:27:12"}
{"level":"debug","message":"Debugging info","timestamp":"09:27:12"}
{"level":"warn","message":"Warning message","timestamp":"09:27:12"}
{"level":"info","message":"running","timestamp":"09:27:13"}
{"level":"info","message":"successful","timestamp":"09:27:16"}
{"level":"info","message":"successful","timestamp":"09:27:50"}
{"level":"info","message":"running","timestamp":"09:28:18"}
{"level":"info","message":"server running","timestamp":"09:28:36"}
{"level":"info","message":"server running","timestamp":"09:29:05"}
{"level":"info","message":"server running","timestamp":"09:29:21"}
{"level":"info","message":"server running","timestamp":"09:29:24"}
{"level":"info","message":"server running","timestamp":"09:29:26"}
{"level":"info","message":"server running","timestamp":"09:29:30"}
{"level":"info","message":"server running","timestamp":"09:30:37"}
{"level":"info","message":"server running","timestamp":"09:30:49"}
{"level":"info","message":"server running","timestamp":"09:33:30"}
{"level":"info","message":"server running","timestamp":"09:33:32"}
{"level":"info","message":"server running","timestamp":"09:33:41"}
{"level":"info","message":"server running","timestamp":"09:33:45"}
{"level":"info","message":"server running","timestamp":"09:33:57"}
{"level":"info","message":"server running","timestamp":"09:34:00"}
{"level":"info","message":"server running","timestamp":"09:34:13"}
{"level":"info","message":"server running","timestamp":"09:34:22"}
{"level":"info","message":"server running","timestamp":"09:34:26"}
{"level":"info","message":"server running","timestamp":"09:34:42"}
{"level":"info","message":"server running","timestamp":"09:34:45"}
{"level":"info","message":"server running","timestamp":"09:34:50"}
{"level":"info","message":"server running","timestamp":"09:35:07"}
{"level":"info","message":"server running","timestamp":"09:40:20"}
{"level":"info","message":"server running","timestamp":"09:40:36"}
{"level":"info","message":"server running","timestamp":"09:51:17"}
{"level":"info","message":"server running","timestamp":"2018-05-22T02:52:01.948Z"}
{"level":"info","message":"server running","timestamp":"2018-05-22T02:54:30.395Z"}
{"level":"info","message":"server running","timestamp":"2018-05-22T02:55:02.483Z"}
{"level":"info","message":"server running","timestamp":"2018-05-22T02:55:08.533Z"}
{"level":"info","message":"server running","timestamp":"2018-05-22T02:55:20.528Z"}
{"level":"info","message":"server running","timestamp":"2018-05-22T02:55:54.491Z"}
{"level":"info","message":"server running","timestamp":"2018-05-22T02:56:20.844Z"}
{"level":"info","message":"server running","timestamp":"2018-05-22T02:56:28.586Z"}
{"level":"info","message":"server running","timestamp":"2018-05-22T02:57:36.509Z"}
{"level":"info","message":"server running","timestamp":"2018-05-22T02:57:41.612Z"}
{"level":"info","message":"server running","timestamp":"2018-05-22T02:58:00.614Z"}
{"level":"info","message":"server running","timestamp":"2018-05-22T02:59:21.021Z"}
{"level":"info","message":"server running","timestamp":"2018-05-22T03:01:15.570Z"}
{"level":"info","message":"server running","timestamp":"2018-05-22T03:01:18.848Z"}
{"level":"info","message":"server running","timestamp":"2018-05-22T03:02:06.672Z"}
{"level":"info","message":"server running","timestamp":"2018-05-22T03:02:30.268Z"}
{"level":"info","message":"server running","timestamp":"2018-05-22T03:02:59.791Z"}
{"level":"info","message":"server running","timestamp":"2018-05-22T03:07:03.063Z"}
{"level":"info","message":"server running","timestamp":"2018-05-22T03:07:10.189Z"}
{"level":"info","message":"server running","timestamp":"2018-05-22T03:07:12.516Z"}
{"level":"info","message":"server running","timestamp":"2018-05-22T03:07:18.901Z"}
{"date":"Tue May 22 2018 10:07:50 GMT+0700 (SE Asia Standard Time)","process":{"pid":4916,"uid":null,"gid":null,"cwd":"D:\\NodeProjects\\FinalProject\\quyetdv4","execPath":"C:\\Program Files\\nodejs\\node.exe","version":"v8.11.1","argv":["node","D:\\NodeProjects\\FinalProject\\quyetdv4\\server.js"],"memoryUsage":{"rss":79540224,"heapTotal":63795200,"heapUsed":33755528,"external":19628333}},"os":{"loadavg":[0,0,0],"uptime":7513.1094881},"trace":[{"column":3,"file":"D:/NodeProjects/FinalProject/quyetdv4/config/winston1.js","function":null,"line":14,"method":null,"native":false},{"column":30,"file":"module.js","function":"Module._compile","line":652,"method":"_compile","native":false},{"column":5,"file":"D:\\NodeProjects\\FinalProject\\quyetdv4\\node_modules\\babel-register\\lib\\node.js","function":"loader","line":144,"method":null,"native":false},{"column":7,"file":"D:\\NodeProjects\\FinalProject\\quyetdv4\\node_modules\\babel-register\\lib\\node.js","function":"Object.require.extensions.(anonymous function) [as .js]","line":154,"method":"js]","native":false},{"column":32,"file":"module.js","function":"Module.load","line":565,"method":"load","native":false},{"column":12,"file":"module.js","function":"tryModuleLoad","line":505,"method":null,"native":false},{"column":3,"file":"module.js","function":"Module._load","line":497,"method":"_load","native":false},{"column":17,"file":"module.js","function":"Module.require","line":596,"method":"require","native":false},{"column":18,"file":"internal/module.js","function":"require","line":11,"method":null,"native":false},{"column":1,"file":"D:/NodeProjects/FinalProject/quyetdv4/server.js","function":null,"line":7,"method":null,"native":false},{"column":30,"file":"module.js","function":"Module._compile","line":652,"method":"_compile","native":false},{"column":5,"file":"D:\\NodeProjects\\FinalProject\\quyetdv4\\node_modules\\babel-register\\lib\\node.js","function":"loader","line":144,"method":null,"native":false},{"column":7,"file":"D:\\NodeProjects\\FinalProject\\quyetdv4\\node_modules\\babel-register\\lib\\node.js","function":"Object.require.extensions.(anonymous function) [as .js]","line":154,"method":"js]","native":false},{"column":32,"file":"module.js","function":"Module.load","line":565,"method":"load","native":false},{"column":12,"file":"module.js","function":"tryModuleLoad","line":505,"method":null,"native":false},{"column":3,"file":"module.js","function":"Module._load","line":497,"method":"_load","native":false}],"stack":["TypeError: Cannot read property 'combine' of undefined","    at Object.<anonymous> (D:/NodeProjects/FinalProject/quyetdv4/config/winston1.js:14:3)","    at Module._compile (module.js:652:30)","    at loader (D:\\NodeProjects\\FinalProject\\quyetdv4\\node_modules\\babel-register\\lib\\node.js:144:5)","    at Object.require.extensions.(anonymous function) [as .js] (D:\\NodeProjects\\FinalProject\\quyetdv4\\node_modules\\babel-register\\lib\\node.js:154:7)","    at Module.load (module.js:565:32)","    at tryModuleLoad (module.js:505:12)","    at Function.Module._load (module.js:497:3)","    at Module.require (module.js:596:17)","    at require (internal/module.js:11:18)","    at Object.<anonymous> (D:/NodeProjects/FinalProject/quyetdv4/server.js:7:1)","    at Module._compile (module.js:652:30)","    at loader (D:\\NodeProjects\\FinalProject\\quyetdv4\\node_modules\\babel-register\\lib\\node.js:144:5)","    at Object.require.extensions.(anonymous function) [as .js] (D:\\NodeProjects\\FinalProject\\quyetdv4\\node_modules\\babel-register\\lib\\node.js:154:7)","    at Module.load (module.js:565:32)","    at tryModuleLoad (module.js:505:12)","    at Function.Module._load (module.js:497:3)"],"level":"error","message":"uncaughtException: Cannot read property 'combine' of undefined","timestamp":"2018-05-22T03:07:50.245Z"}
{"date":"Tue May 22 2018 10:16:11 GMT+0700 (SE Asia Standard Time)","process":{"pid":3508,"uid":null,"gid":null,"cwd":"D:\\NodeProjects\\FinalProject\\quyetdv4","execPath":"C:\\Program Files\\nodejs\\node.exe","version":"v8.11.1","argv":["node","D:\\NodeProjects\\FinalProject\\quyetdv4\\server.js"],"memoryUsage":{"rss":74018816,"heapTotal":62222336,"heapUsed":32388584,"external":19427060}},"os":{"loadavg":[0,0,0],"uptime":8014.4504881},"trace":[{"column":3,"file":"D:/NodeProjects/FinalProject/quyetdv4/config/winston1.js","function":null,"line":14,"method":null,"native":false},{"column":30,"file":"module.js","function":"Module._compile","line":652,"method":"_compile","native":false},{"column":5,"file":"D:\\NodeProjects\\FinalProject\\quyetdv4\\node_modules\\babel-register\\lib\\node.js","function":"loader","line":144,"method":null,"native":false},{"column":7,"file":"D:\\NodeProjects\\FinalProject\\quyetdv4\\node_modules\\babel-register\\lib\\node.js","function":"Object.require.extensions.(anonymous function) [as .js]","line":154,"method":"js]","native":false},{"column":32,"file":"module.js","function":"Module.load","line":565,"method":"load","native":false},{"column":12,"file":"module.js","function":"tryModuleLoad","line":505,"method":null,"native":false},{"column":3,"file":"module.js","function":"Module._load","line":497,"method":"_load","native":false},{"column":17,"file":"module.js","function":"Module.require","line":596,"method":"require","native":false},{"column":18,"file":"internal/module.js","function":"require","line":11,"method":null,"native":false},{"column":1,"file":"D:/NodeProjects/FinalProject/quyetdv4/server.js","function":null,"line":7,"method":null,"native":false},{"column":30,"file":"module.js","function":"Module._compile","line":652,"method":"_compile","native":false},{"column":5,"file":"D:\\NodeProjects\\FinalProject\\quyetdv4\\node_modules\\babel-register\\lib\\node.js","function":"loader","line":144,"method":null,"native":false},{"column":7,"file":"D:\\NodeProjects\\FinalProject\\quyetdv4\\node_modules\\babel-register\\lib\\node.js","function":"Object.require.extensions.(anonymous function) [as .js]","line":154,"method":"js]","native":false},{"column":32,"file":"module.js","function":"Module.load","line":565,"method":"load","native":false},{"column":12,"file":"module.js","function":"tryModuleLoad","line":505,"method":null,"native":false},{"column":3,"file":"module.js","function":"Module._load","line":497,"method":"_load","native":false}],"stack":["TypeError: Cannot read property 'combine' of undefined","    at Object.<anonymous> (D:/NodeProjects/FinalProject/quyetdv4/config/winston1.js:14:3)","    at Module._compile (module.js:652:30)","    at loader (D:\\NodeProjects\\FinalProject\\quyetdv4\\node_modules\\babel-register\\lib\\node.js:144:5)","    at Object.require.extensions.(anonymous function) [as .js] (D:\\NodeProjects\\FinalProject\\quyetdv4\\node_modules\\babel-register\\lib\\node.js:154:7)","    at Module.load (module.js:565:32)","    at tryModuleLoad (module.js:505:12)","    at Function.Module._load (module.js:497:3)","    at Module.require (module.js:596:17)","    at require (internal/module.js:11:18)","    at Object.<anonymous> (D:/NodeProjects/FinalProject/quyetdv4/server.js:7:1)","    at Module._compile (module.js:652:30)","    at loader (D:\\NodeProjects\\FinalProject\\quyetdv4\\node_modules\\babel-register\\lib\\node.js:144:5)","    at Object.require.extensions.(anonymous function) [as .js] (D:\\NodeProjects\\FinalProject\\quyetdv4\\node_modules\\babel-register\\lib\\node.js:154:7)","    at Module.load (module.js:565:32)","    at tryModuleLoad (module.js:505:12)","    at Function.Module._load (module.js:497:3)"],"level":"error","message":"uncaughtException: Cannot read property 'combine' of undefined","timestamp":"2018-05-22T03:16:11.584Z"}
